<?xml version="1.0" encoding="UTF-8"?>
<!-- Generated by org.testng.reporters.JUnitReportReporter -->
<testsuite hostname="DESKTOP-1111E89" failures="0" tests="1" name="Runner.Test_runner" time="19.214" errors="0" timestamp="23 Aug 2023 10:34:33 GMT" skipped="0">
  <testcase classname="Runner.Test_runner" name="runScenario" time="19.214"/>
</testsuite> <!-- Runner.Test_runner -->
